<?xml version="1.0" encoding="UTF-8"?>
<!-- Generated by org.testng.reporters.JUnitXMLReporter -->
<testsuite hostname="SAPECC6EHP7" ignored="0" name="Free CRM App Test Cases" tests="5" failures="2" timestamp="08 Jul 2018 16:40:54 GMT" time="95.366" errors="0">
  <testcase name="loginPageTitleTest" time="0.044" classname="com.freecrm.testcases.LoginPageTest"/>
  <testcase name="HomePageTitleTest" time="14.65" classname="com.freecrm.testcases.HomePageTest">
    <failure type="java.lang.AssertionError" message="Home page title doesnt match expected [CRMPRO] but found [Free CRM software in the cloud powers sales and customer service]">
      <![CDATA[java.lang.AssertionError: Home page title doesnt match expected [CRMPRO] but found [Free CRM software in the cloud powers sales and customer service]
at com.freecrm.testcases.HomePageTest.HomePageTitleTest(HomePageTest.java:36)
... Removed 30 stack frames]]>
    </failure>
  </testcase> <!-- HomePageTitleTest -->
  <testcase name="crmLogoValidate" time="0.061" classname="com.freecrm.testcases.LoginPageTest"/>
  <testcase name="UsernameTest" time="12.973" classname="com.freecrm.testcases.HomePageTest">
    <failure type="java.lang.NullPointerException">
      <![CDATA[java.lang.NullPointerException
at com.freecrm.testcases.HomePageTest.UsernameTest(HomePageTest.java:43)
... Removed 25 stack frames]]>
    </failure>
  </testcase> <!-- UsernameTest -->
  <testcase name="loginTest" time="14.16" classname="com.freecrm.testcases.LoginPageTest"/>
</testsuite> <!-- Free CRM App Test Cases -->
