<?xml version="1.0" encoding="UTF-8"?>
<!-- Generated by org.testng.reporters.JUnitXMLReporter -->
<testsuite hostname="SAPECC6EHP7" ignored="0" name="Default test" tests="3" failures="0" timestamp="08 Jul 2018 16:55:53 GMT" time="46.094" errors="0">
  <testcase name="loginPageTitleTest" time="0.022" classname="com.freecrm.testcases.LoginPageTest"/>
  <testcase name="crmLogoValidate" time="0.099" classname="com.freecrm.testcases.LoginPageTest"/>
  <testcase name="loginTest" time="17.729" classname="com.freecrm.testcases.LoginPageTest"/>
</testsuite> <!-- Default test -->
