<?xml version="1.0" encoding="UTF-8"?>
<testng-results skipped="0" failed="0" ignored="0" total="3" passed="3">
  <reporter-output>
  </reporter-output>
  <suite name="Default suite" duration-ms="46094" started-at="2018-07-08T16:55:07Z" finished-at="2018-07-08T16:55:53Z">
    <groups>
    </groups>
    <test name="Default test" duration-ms="46094" started-at="2018-07-08T16:55:07Z" finished-at="2018-07-08T16:55:53Z">
      <class name="com.freecrm.testcases.LoginPageTest">
        <test-method status="PASS" signature="setUp()[pri:0, instance:com.freecrm.testcases.LoginPageTest@47c62251]" name="setUp" is-config="true" duration-ms="9705" started-at="2018-07-08T16:55:07Z" finished-at="2018-07-08T16:55:17Z">
          <reporter-output>
          </reporter-output>
        </test-method> <!-- setUp -->
        <test-method status="PASS" signature="loginPageTitleTest()[pri:1, instance:com.freecrm.testcases.LoginPageTest@47c62251]" name="loginPageTitleTest" duration-ms="22" started-at="2018-07-08T16:55:17Z" finished-at="2018-07-08T16:55:17Z">
          <reporter-output>
          </reporter-output>
        </test-method> <!-- loginPageTitleTest -->
        <test-method status="PASS" signature="tearDown()[pri:0, instance:com.freecrm.testcases.LoginPageTest@47c62251]" name="tearDown" is-config="true" duration-ms="610" started-at="2018-07-08T16:55:17Z" finished-at="2018-07-08T16:55:17Z">
          <reporter-output>
          </reporter-output>
        </test-method> <!-- tearDown -->
        <test-method status="PASS" signature="setUp()[pri:0, instance:com.freecrm.testcases.LoginPageTest@47c62251]" name="setUp" is-config="true" duration-ms="8501" started-at="2018-07-08T16:55:17Z" finished-at="2018-07-08T16:55:26Z">
          <reporter-output>
          </reporter-output>
        </test-method> <!-- setUp -->
        <test-method status="PASS" signature="crmLogoValidate()[pri:2, instance:com.freecrm.testcases.LoginPageTest@47c62251]" name="crmLogoValidate" duration-ms="99" started-at="2018-07-08T16:55:26Z" finished-at="2018-07-08T16:55:26Z">
          <reporter-output>
          </reporter-output>
        </test-method> <!-- crmLogoValidate -->
        <test-method status="PASS" signature="tearDown()[pri:0, instance:com.freecrm.testcases.LoginPageTest@47c62251]" name="tearDown" is-config="true" duration-ms="616" started-at="2018-07-08T16:55:26Z" finished-at="2018-07-08T16:55:27Z">
          <reporter-output>
          </reporter-output>
        </test-method> <!-- tearDown -->
        <test-method status="PASS" signature="setUp()[pri:0, instance:com.freecrm.testcases.LoginPageTest@47c62251]" name="setUp" is-config="true" duration-ms="7552" started-at="2018-07-08T16:55:27Z" finished-at="2018-07-08T16:55:34Z">
          <reporter-output>
          </reporter-output>
        </test-method> <!-- setUp -->
        <test-method status="PASS" signature="loginTest()[pri:3, instance:com.freecrm.testcases.LoginPageTest@47c62251]" name="loginTest" duration-ms="17729" started-at="2018-07-08T16:55:34Z" finished-at="2018-07-08T16:55:52Z">
          <reporter-output>
          </reporter-output>
        </test-method> <!-- loginTest -->
        <test-method status="PASS" signature="tearDown()[pri:0, instance:com.freecrm.testcases.LoginPageTest@47c62251]" name="tearDown" is-config="true" duration-ms="1223" started-at="2018-07-08T16:55:52Z" finished-at="2018-07-08T16:55:53Z">
          <reporter-output>
          </reporter-output>
        </test-method> <!-- tearDown -->
      </class> <!-- com.freecrm.testcases.LoginPageTest -->
    </test> <!-- Default test -->
  </suite> <!-- Default suite -->
</testng-results>
